android tutorials/Assignment1/dv606.ds222pw.MyProject/app/build/outputs/logs/manifest-merger-debug-report.txt
-- Merging decision tree log ---
manifest
ADDED from src/main/AndroidManifest.xml:2:1-32:12
	package
		ADDED from src/main/AndroidManifest.xml:3:5-27
		INJECTED from src/main/AndroidManifest.xml
		INJECTED from src/main/AndroidManifest.xml
	android:versionName
		ADDED from src/main/AndroidManifest.xml:5:5-30
		INJECTED from src/main/AndroidManifest.xml
		INJECTED from src/main/AndroidManifest.xml
	android:versionCode
		ADDED from src/main/AndroidManifest.xml:4:5-28
		INJECTED from src/main/AndroidManifest.xml
		INJECTED from src/main/AndroidManifest.xml
	xmlns:android
		ADDED from src/main/AndroidManifest.xml:2:11-69
uses-permission#android.permission.ACCESS_NETWORK_STATE
ADDED from src/main/AndroidManifest.xml:7:5-79
	android:name
		ADDED from src/main/AndroidManifest.xml:7:22-76
uses-permission#android.permission.INTERNET
ADDED from src/main/AndroidManifest.xml:8:5-67
	android:name
		ADDED from src/main/AndroidManifest.xml:8:22-64
application
ADDED from src/main/AndroidManifest.xml:10:5-30:19
MERGED from [com.android.support:support-v13:24.1.0] AndroidManifest.xml:25:5-20
MERGED from [com.android.support:support-v4:24.2.0] AndroidManifest.xml:25:5-20
MERGED from [com.android.support:support-compat:24.2.0] AndroidManifest.xml:25:5-20
MERGED from [com.android.support:support-core-utils:24.2.0] AndroidManifest.xml:25:5-20
MERGED from [com.android.support:support-media-compat:24.2.0] AndroidManifest.xml:25:5-20
MERGED from [com.android.support:support-core-ui:24.2.0] AndroidManifest.xml:25:5-20
MERGED from [com.android.support:support-fragment:24.2.0] AndroidManifest.xml:25:5-20
MERGED from [com.android.support:appcompat-v7:24.2.0] AndroidManifest.xml:25:5-20
MERGED from [com.android.support:support-vector-drawable:24.2.0] AndroidManifest.xml:23:5-20
MERGED from [com.android.support:animated-vector-drawable:24.2.0] AndroidManifest.xml:22:5-20
	android:label
		ADDED from src/main/AndroidManifest.xml:13:9-41
	android:supportsRtl
		ADDED from src/main/AndroidManifest.xml:14:9-35
	android:allowBackup
		ADDED from src/main/AndroidManifest.xml:11:9-35
	android:icon
		ADDED from src/main/AndroidManifest.xml:12:9-43
	android:theme
		ADDED from src/main/AndroidManifest.xml:15:9-40
activity#root.assign1.MainList
ADDED from src/main/AndroidManifest.xml:16:9-22:20
	android:label
		ADDED from src/main/AndroidManifest.xml:17:13-39
	android:name
		ADDED from src/main/AndroidManifest.xml:16:19-43
intent-filter#android.intent.action.MAIN+android.intent.category.LAUNCHER
ADDED from src/main/AndroidManifest.xml:18:13-21:29
action#android.intent.action.MAIN
ADDED from src/main/AndroidManifest.xml:19:17-69
	android:name
		ADDED from src/main/AndroidManifest.xml:19:25-66
category#android.intent.category.LAUNCHER
ADDED from src/main/AndroidManifest.xml:20:17-77
	android:name
		ADDED from src/main/AndroidManifest.xml:20:27-74
activity#root.assign1.Random
ADDED from src/main/AndroidManifest.xml:23:9-116
	android:label
		ADDED from src/main/AndroidManifest.xml:23:42-75
	android:parentActivityName
		ADDED from src/main/AndroidManifest.xml:23:76-114
	android:name
		ADDED from src/main/AndroidManifest.xml:23:19-41
activity#root.assign1.BMI
ADDED from src/main/AndroidManifest.xml:24:9-124
	android:parentActivityName
		ADDED from src/main/AndroidManifest.xml:24:39-77
	android:theme
		ADDED from src/main/AndroidManifest.xml:24:78-122
	android:name
		ADDED from src/main/AndroidManifest.xml:24:19-38
activity#root.assign1.MyCountries
ADDED from src/main/AndroidManifest.xml:25:9-87
	android:parentActivityName
		ADDED from src/main/AndroidManifest.xml:25:47-85
	android:name
		ADDED from src/main/AndroidManifest.xml:25:19-46
activity#root.assign1.Read_Country
ADDED from src/main/AndroidManifest.xml:26:9-88
	android:parentActivityName
		ADDED from src/main/AndroidManifest.xml:26:48-86
	android:name
		ADDED from src/main/AndroidManifest.xml:26:19-47
activity#root.assign1.BeerPager
ADDED from src/main/AndroidManifest.xml:27:9-130
	android:parentActivityName
		ADDED from src/main/AndroidManifest.xml:27:45-83
	android:theme
		ADDED from src/main/AndroidManifest.xml:27:84-128
	android:name
		ADDED from src/main/AndroidManifest.xml:27:19-44
activity#root.assign1.VaxjoWeather
ADDED from src/main/AndroidManifest.xml:28:9-29:71
	android:parentActivityName
		ADDED from src/main/AndroidManifest.xml:28:48-86
	android:theme
		ADDED from src/main/AndroidManifest.xml:29:13-69
	android:name
		ADDED from src/main/AndroidManifest.xml:28:19-47
uses-sdk
INJECTED from src/main/AndroidManifest.xml reason: use-sdk injection requested
MERGED from [com.android.support:support-v13:24.1.0] AndroidManifest.xml:21:5-23:55
MERGED from [com.android.support:support-v4:24.2.0] AndroidManifest.xml:21:5-23:54
MERGED from [com.android.support:support-compat:24.2.0] AndroidManifest.xml:21:5-23:58
MERGED from [com.android.support:support-core-utils:24.2.0] AndroidManifest.xml:21:5-23:61
MERGED from [com.android.support:support-media-compat:24.2.0] AndroidManifest.xml:21:5-23:63
MERGED from [com.android.support:support-core-ui:24.2.0] AndroidManifest.xml:21:5-23:58
MERGED from [com.android.support:support-fragment:24.2.0] AndroidManifest.xml:21:5-23:60
MERGED from [com.android.support:appcompat-v7:24.2.0] AndroidManifest.xml:21:5-23:78
MERGED from [com.android.support:support-vector-drawable:24.2.0] AndroidManifest.xml:21:5-43
MERGED from [com.android.support:animated-vector-drawable:24.2.0] AndroidManifest.xml:20:5-44
	tools:overrideLibrary
		ADDED from [com.android.support:support-v13:24.1.0] AndroidManifest.xml:23:9-52
	android:targetSdkVersion
		INJECTED from src/main/AndroidManifest.xml
		INJECTED from src/main/AndroidManifest.xml
	android:minSdkVersion
		INJECTED from src/main/AndroidManifest.xml
		INJECTED from src/main/AndroidManifest.xml